C51 COMPILER V9.60.0.0   MAIN_BLUETOOTH                                                    04/30/2022 19:12:52 PAGE 1   


C51 COMPILER V9.60.0.0, COMPILATION OF MODULE MAIN_BLUETOOTH
OBJECT MODULE PLACED IN .\Objects\main_bluetooth.obj
COMPILER INVOKED BY: C:\Keil_v5\C51\BIN\C51.EXE main_bluetooth.c OPTIMIZE(8,SPEED) BROWSE DEBUG OBJECTEXTEND PRINT(.\Lis
                    -tings\main_bluetooth.lst) TABS(2) OBJECT(.\Objects\main_bluetooth.obj)

line level    source

   1          #include <reg51.h>
   2          #include "header.h"
   3          
   4          void main()
   5          {
   6   1        unsigned char receive_data;
   7   1        
   8   1        uart_init(9600);
   9   1        lcd_init();
  10   1        while(1)
  11   1        {
  12   2            receive_data = uart_rx();
  13   2            uart_tx(receive_data);  
  14   2            delay_ms(500);
  15   2            lcd_data(receive_data);
  16   2          /*  if(receive_data == 'f');
  17   2            {
  18   2              
  19   2              lcd_string("forward");
  20   2            } */
  21   2            
  22   2          
  23   2        }
  24   1        
  25   1        
  26   1      }


MODULE INFORMATION:   STATIC OVERLAYABLE
   CODE SIZE        =     32    ----
   CONSTANT SIZE    =   ----    ----
   XDATA SIZE       =   ----    ----
   PDATA SIZE       =   ----    ----
   DATA SIZE        =   ----       1
   IDATA SIZE       =   ----    ----
   BIT SIZE         =   ----    ----
END OF MODULE INFORMATION.


C51 COMPILATION COMPLETE.  0 WARNING(S),  0 ERROR(S)
